# JRE version: OpenJDK Runtime Environment (25.0+36) (build 25+36-3489)
# Java VM: OpenJDK 64-Bit Server VM (25+36-3489, mixed mode, sharing, tiered, compressed oops, compressed class ptrs, g1 gc, bsd-aarch64)
Heap:
 garbage-first heap   total reserved 12582912K, committed 1867776K, used 320026K [0x0000000300800000, 0x0000000600800000)
  region size 8192K, 5 young (40960K), 1 survivors (8192K)
GC Heap Usage History (20 events):
Event: 32.020 {heap Before GC invocations=195 (full 0):
 garbage-first heap   total reserved 12582912K, committed 1867776K, used 1401261K [0x0000000300800000, 0x0000000600800000)
  region size 8192K, 136 young (1114112K), 1 survivors (8192K)
}
Event: 32.020 {heap After GC invocations=196 (full 0):
 garbage-first heap   total reserved 12582912K, committed 1867776K, used 295362K [0x0000000300800000, 0x0000000600800000)
  region size 8192K, 1 young (8192K), 1 survivors (8192K)
}
Event: 32.186 {heap Before GC invocations=196 (full 0):
 garbage-first heap   total reserved 12582912K, committed 1867776K, used 1401282K [0x0000000300800000, 0x0000000600800000)
  region size 8192K, 136 young (1114112K), 1 survivors (8192K)
}
Event: 32.187 {heap After GC invocations=197 (full 0):
 garbage-first heap   total reserved 12582912K, committed 1867776K, used 295363K [0x0000000300800000, 0x0000000600800000)
  region size 8192K, 1 young (8192K), 1 survivors (8192K)
}
Event: 32.359 {heap Before GC invocations=197 (full 0):
 garbage-first heap   total reserved 12582912K, committed 1867776K, used 1401283K [0x0000000300800000, 0x0000000600800000)
  region size 8192K, 136 young (1114112K), 1 survivors (8192K)
}
Event: 32.360 {heap After GC invocations=198 (full 0):
 garbage-first heap   total reserved 12582912K, committed 1867776K, used 295337K [0x0000000300800000, 0x0000000600800000)
  region size 8192K, 1 young (8192K), 1 survivors (8192K)
}
Event: 32.541 {heap Before GC invocations=198 (full 0):
 garbage-first heap   total reserved 12582912K, committed 1867776K, used 1401257K [0x0000000300800000, 0x0000000600800000)
  region size 8192K, 136 young (1114112K), 1 survivors (8192K)
}
Event: 32.542 {heap After GC invocations=199 (full 0):
 garbage-first heap   total reserved 12582912K, committed 1867776K, used 295352K [0x0000000300800000, 0x0000000600800000)
  region size 8192K, 1 young (8192K), 1 survivors (8192K)
}
Event: 32.723 {heap Before GC invocations=199 (full 0):
 garbage-first heap   total reserved 12582912K, committed 1867776K, used 1401272K [0x0000000300800000, 0x0000000600800000)
  region size 8192K, 136 young (1114112K), 1 survivors (8192K)
}
Event: 32.724 {heap After GC invocations=200 (full 0):
 garbage-first heap   total reserved 12582912K, committed 1867776K, used 295351K [0x0000000300800000, 0x0000000600800000)
  region size 8192K, 1 young (8192K), 1 survivors (8192K)
}
Event: 32.903 {heap Before GC invocations=200 (full 0):
 garbage-first heap   total reserved 12582912K, committed 1867776K, used 1401271K [0x0000000300800000, 0x0000000600800000)
  region size 8192K, 136 young (1114112K), 1 survivors (8192K)
}
Event: 32.904 {heap After GC invocations=201 (full 0):
 garbage-first heap   total reserved 12582912K, committed 1867776K, used 295368K [0x0000000300800000, 0x0000000600800000)
  region size 8192K, 1 young (8192K), 1 survivors (8192K)
}
Event: 33.077 {heap Before GC invocations=201 (full 0):
 garbage-first heap   total reserved 12582912K, committed 1867776K, used 1401288K [0x0000000300800000, 0x0000000600800000)
  region size 8192K, 136 young (1114112K), 1 survivors (8192K)
}
Event: 33.078 {heap After GC invocations=202 (full 0):
 garbage-first heap   total reserved 12582912K, committed 1867776K, used 295325K [0x0000000300800000, 0x0000000600800000)
  region size 8192K, 1 young (8192K), 1 survivors (8192K)
}
Event: 33.244 {heap Before GC invocations=202 (full 0):
 garbage-first heap   total reserved 12582912K, committed 1867776K, used 1401245K [0x0000000300800000, 0x0000000600800000)
  region size 8192K, 136 young (1114112K), 1 survivors (8192K)
}
Event: 33.245 {heap After GC invocations=203 (full 0):
 garbage-first heap   total reserved 12582912K, committed 1867776K, used 295360K [0x0000000300800000, 0x0000000600800000)
  region size 8192K, 1 young (8192K), 1 survivors (8192K)
}
Event: 33.421 {heap Before GC invocations=203 (full 0):
 garbage-first heap   total reserved 12582912K, committed 1867776K, used 1401280K [0x0000000300800000, 0x0000000600800000)
  region size 8192K, 136 young (1114112K), 1 survivors (8192K)
}
Event: 33.422 {heap After GC invocations=204 (full 0):
 garbage-first heap   total reserved 12582912K, committed 1867776K, used 295369K [0x0000000300800000, 0x0000000600800000)
  region size 8192K, 1 young (8192K), 1 survivors (8192K)
}
Event: 33.600 {heap Before GC invocations=204 (full 0):
 garbage-first heap   total reserved 12582912K, committed 1867776K, used 1401289K [0x0000000300800000, 0x0000000600800000)
  region size 8192K, 136 young (1114112K), 1 survivors (8192K)
}
Event: 33.601 {heap After GC invocations=205 (full 0):
 garbage-first heap   total reserved 12582912K, committed 1867776K, used 295381K [0x0000000300800000, 0x0000000600800000)
  region size 8192K, 1 young (8192K), 1 survivors (8192K)
}

