# JRE version: OpenJDK Runtime Environment (25.0.2+10) (build 25.0.2+10-69)
# Java VM: OpenJDK 64-Bit Server VM (25.0.2+10-69, mixed mode, sharing, tiered, compressed oops, compressed class ptrs, g1 gc, bsd-aarch64)
GC Precious Log:
 CardTable entry size: 512
 Card Set container configuration: InlinePtr #cards 4 size 8 Array Of Cards #cards 64 size 144 Howl #buckets 8 coarsen threshold 14745 Howl Bitmap #cards 2048 size 272 coarsen threshold 1843 Card regions per heap region 1 cards per card region 16384
 CPUs: 16 total, 16 available
 Memory: 49152M
 Large Page Support: Disabled
 NUMA Support: Disabled
 Compressed Oops: Enabled (Non-zero based)
 Heap Region Size: 8M
 Heap Min Capacity: 8M
 Heap Initial Capacity: 768M
 Heap Max Capacity: 12G
 Pre-touch: Disabled
 Parallel Workers: 13
 Concurrent Workers: 3
 Concurrent Refinement Workers: 13
 Periodic GC: Disabled
Heap:
 garbage-first heap   total reserved 12582912K, committed 122880K, used 28431K [0x0000000b44800000, 0x0000000e44800000)
  region size 8192K, 3 young (24576K), 1 survivors (8192K)
GC Heap Usage History (12 events):
Event: 1.199 {heap Before GC invocations=0 (full 0):
 garbage-first heap   total reserved 12582912K, committed 794624K, used 42110K [0x0000000b44800000, 0x0000000e44800000)
  region size 8192K, 6 young (49152K), 0 survivors (0K)
}
Event: 1.209 {heap After GC invocations=1 (full 0):
 garbage-first heap   total reserved 12582912K, committed 794624K, used 10254K [0x0000000b44800000, 0x0000000e44800000)
  region size 8192K, 1 young (8192K), 1 survivors (8192K)
}
Event: 2.067 {heap Before GC invocations=1 (full 0):
 garbage-first heap   total reserved 12582912K, committed 794624K, used 34830K [0x0000000b44800000, 0x0000000e44800000)
  region size 8192K, 5 young (40960K), 1 survivors (8192K)
}
Event: 2.107 {heap After GC invocations=2 (full 0):
 garbage-first heap   total reserved 12582912K, committed 794624K, used 13210K [0x0000000b44800000, 0x0000000e44800000)
  region size 8192K, 2 young (16384K), 2 survivors (16384K)
}
Event: 3.079 {heap Before GC invocations=3 (full 0):
 garbage-first heap   total reserved 12582912K, committed 114688K, used 70554K [0x0000000b44800000, 0x0000000e44800000)
  region size 8192K, 10 young (81920K), 2 survivors (16384K)
}
Event: 3.129 {heap After GC invocations=4 (full 0):
 garbage-first heap   total reserved 12582912K, committed 122880K, used 18958K [0x0000000b44800000, 0x0000000e44800000)
  region size 8192K, 3 young (24576K), 3 survivors (24576K)
}
Event: 3.150 {heap Before GC invocations=4 (full 0):
 garbage-first heap   total reserved 12582912K, committed 122880K, used 18958K [0x0000000b44800000, 0x0000000e44800000)
  region size 8192K, 4 young (32768K), 3 survivors (24576K)
}
Event: 3.204 {heap After GC invocations=5 (full 0):
 garbage-first heap   total reserved 12582912K, committed 122880K, used 18364K [0x0000000b44800000, 0x0000000e44800000)
  region size 8192K, 1 young (8192K), 1 survivors (8192K)
}
Event: 3.246 {heap Before GC invocations=5 (full 0):
 garbage-first heap   total reserved 12582912K, committed 122880K, used 18364K [0x0000000b44800000, 0x0000000e44800000)
  region size 8192K, 2 young (16384K), 1 survivors (8192K)
}
Event: 3.260 {heap After GC invocations=6 (full 0):
 garbage-first heap   total reserved 12582912K, committed 122880K, used 19649K [0x0000000b44800000, 0x0000000e44800000)
  region size 8192K, 1 young (8192K), 1 survivors (8192K)
}
Event: 3.913 {heap Before GC invocations=7 (full 0):
 garbage-first heap   total reserved 12582912K, committed 122880K, used 68801K [0x0000000b44800000, 0x0000000e44800000)
  region size 8192K, 7 young (57344K), 1 survivors (8192K)
}
Event: 3.919 {heap After GC invocations=8 (full 0):
 garbage-first heap   total reserved 12582912K, committed 122880K, used 20239K [0x0000000b44800000, 0x0000000e44800000)
  region size 8192K, 1 young (8192K), 1 survivors (8192K)
}

